[2025-05-21 13:24:47] [INFO] Iniciando aplicación Sakila Database Manager
[2025-05-21 13:24:47] [INFO] Driver de base de datos cargado: com.mysql.cj.jdbc.Driver
[2025-05-21 13:24:47] [INFO] Conectando a la base de datos: jdbc:mysql://localhost:3306/sakila
[2025-05-21 13:24:48] [INFO] Conexión a la base de datos establecida correctamente
[2025-05-21 13:24:48] [INFO] Actores cargados: 201
[2025-05-21 13:24:48] [INFO] Clientes cargados: 100
[2025-05-21 13:24:48] [INFO] Películas cargadas: 1000
[2025-05-21 13:24:49] [INFO] Películas cargadas: 1000
[2025-05-21 13:24:49] [INFO] Inventarios cargados: 100
[2025-05-21 13:24:49] [INFO] Países cargados: 109
[2025-05-21 13:24:49] [INFO] Ciudades cargadas: 600
[2025-05-21 13:24:49] [INFO] Países cargados: 109
[2025-05-21 13:26:25] [ERROR] Error al generar reporte CSV: .\reports\ingresos_por_mes_2025-05-21_13-26-25.csv (El sistema no puede encontrar la ruta especificada)
[2025-05-21 13:29:16] [INFO] Actor creado con ID: 202
[2025-05-21 13:30:08] [INFO] Iniciando aplicación Sakila Database Manager
[2025-05-21 13:30:08] [INFO] Driver de base de datos cargado: com.mysql.cj.jdbc.Driver
[2025-05-21 13:30:08] [INFO] Conectando a la base de datos: jdbc:mysql://localhost:3306/sakila
[2025-05-21 13:30:09] [INFO] Conexión a la base de datos establecida correctamente
[2025-05-21 13:30:09] [INFO] Actores cargados: 202
[2025-05-21 13:30:09] [INFO] Clientes cargados: 100
[2025-05-21 13:30:09] [INFO] Películas cargadas: 1000
[2025-05-21 13:30:09] [INFO] Películas cargadas: 1000
[2025-05-21 13:30:09] [INFO] Inventarios cargados: 100
[2025-05-21 13:30:09] [INFO] Países cargados: 109
[2025-05-21 13:30:09] [INFO] Ciudades cargadas: 600
[2025-05-21 13:30:09] [INFO] Países cargados: 109
[2025-05-21 13:30:24] [INFO] Reporte CSV generado: C:\Users\nicop\OneDrive\Escritorio\V3\ingresos_por_mes_2025-05-21_13-30-24.csv
[2025-05-21 13:31:39] [INFO] Actor actualizado con ID: 202
[2025-05-21 13:44:24] [INFO] Iniciando aplicación Sakila Database
[2025-05-21 13:44:24] [INFO] Driver de base de datos cargado: com.mysql.cj.jdbc.Driver
[2025-05-21 13:44:24] [INFO] Conectando a la base de datos: jdbc:mysql://localhost:3306/sakila
[2025-05-21 13:44:28] [INFO] Conexión a la base de datos establecida correctamente
[2025-05-21 13:44:28] [INFO] Actores cargados: 202
[2025-05-21 13:44:28] [INFO] Clientes cargados: 100
[2025-05-21 13:44:29] [INFO] Películas cargadas: 1000
[2025-05-21 13:44:29] [INFO] Películas cargadas: 1000
[2025-05-21 13:44:29] [INFO] Inventarios cargados: 100
[2025-05-21 13:44:29] [INFO] Países cargados: 109
[2025-05-21 13:44:29] [INFO] Ciudades cargadas: 600
[2025-05-21 13:44:29] [INFO] Países cargados: 109
[2025-05-21 13:45:13] [INFO] Actor actualizado con ID: 202
[2025-05-21 13:45:43] [INFO] Reporte CSV generado: C:\Users\nicop\OneDrive\Escritorio\V3\ingresos_por_mes_2025-05-21_13-45-43.csv
[2025-05-21 13:46:18] [INFO] Reporte CSV generado: C:\Users\nicop\OneDrive\Escritorio\V3\peliculas_por_categoria_2025-05-21_13-46-18.csv
[2025-05-21 13:46:59] [INFO] Cerrando aplicación
[2025-05-21 13:47:50] [INFO] Iniciando aplicación Sakila Database
[2025-05-21 13:47:50] [INFO] Driver de base de datos cargado: com.mysql.cj.jdbc.Driver
[2025-05-21 13:47:50] [INFO] Conectando a la base de datos: jdbc:mysql://localhost:3306/sakila
[2025-05-21 13:47:52] [ERROR] Error de conexión a la base de datos: Access denied for user 'root'@'localhost' (using password: YES)
[2025-05-21 13:47:59] [INFO] Iniciando aplicación Sakila Database
[2025-05-21 13:47:59] [INFO] Driver de base de datos cargado: com.mysql.cj.jdbc.Driver
[2025-05-21 13:47:59] [INFO] Conectando a la base de datos: jdbc:mysql://localhost:3306/sakila
[2025-05-21 13:48:01] [INFO] Conexión a la base de datos establecida correctamente
[2025-05-21 13:48:01] [INFO] Actores cargados: 202
[2025-05-21 13:48:01] [INFO] Clientes cargados: 100
[2025-05-21 13:48:01] [INFO] Películas cargadas: 1000
[2025-05-21 13:48:01] [INFO] Películas cargadas: 1000
[2025-05-21 13:48:01] [INFO] Inventarios cargados: 100
[2025-05-21 13:48:01] [INFO] Países cargados: 109
[2025-05-21 13:48:01] [INFO] Ciudades cargadas: 600
[2025-05-21 13:48:01] [INFO] Países cargados: 109
[2025-05-21 13:50:43] [INFO] Cerrando aplicación
